This file contains any messages produced by compilers while
running ./compile.sh, to aid debugging if ./compile.sh makes a mistake.

./compile.sh: checking whether we are using GNU C
./compile.sh: cc -E conftest.c
./compile.sh: Checking for X11 RandR support
./compile.sh: cc -c -I/usr/X11R6/include  conftest.c 1>&5
./compile.sh: Checking for pthread support
./compile.sh: cc -o conftest -I/usr/X11R6/include  -pthread conftest.c  -lGL -L/usr/X11R6/lib -pthread 1>&5
./compile.sh: Checking for sched_yield
./compile.sh: cc -c -I/usr/X11R6/include  -pthread conftest.c 1>&5
./compile.sh: Checking for clock_gettime
./compile.sh: cc -o conftest -I/usr/X11R6/include  -pthread conftest.c  1>&5
/tmp/ccOvbRCB.o: In function `main':
conftest.c:(.text+0xf): undefined reference to `clock_gettime'
collect2: error: ld returned 1 exit status
./compile.sh: failed program was:
#include <time.h>
#include <unistd.h>
int main() {
#if defined( CLOCK_MONOTONIC )
clock_gettime(0, 0);
#else
#error "clock_gettime support not detected"
#endif
return 0;}
./compile.sh: cc -o conftest -I/usr/X11R6/include  -pthread conftest.c -lrt 1>&5
./compile.sh: Checking for glXGetProcAddress variants
./compile.sh: cc -o conftest -I/usr/X11R6/include  -pthread conftest.c  -lGL -L/usr/X11R6/lib -pthread 1>&5
./compile.sh: Checking for sysconf
./compile.sh: cc -o conftest -I/usr/X11R6/include  -pthread conftest.c  -lGL -L/usr/X11R6/lib -pthread 1>&5
./compile.sh: Checking for sysctl support
./compile.sh: cc -E conftest.c
./compile.sh: Creating ./lib/x11/Makefile.x11
./compile.sh: Creating ./examples/Makefile.x11
./compile.sh: Creating ./tests/Makefile.x11
./compile.sh: Creating ./lib/x11/libglfw.pc.in
